<?xml version="1.0" encoding="UTF-8"?>
<testng-results skipped="0" failed="1" ignored="0" total="1" passed="0">
  <reporter-output>
  </reporter-output>
  <suite name="Surefire suite" duration-ms="79" started-at="2018-12-29T15:12:24Z" finished-at="2018-12-29T15:12:24Z">
    <groups>
    </groups>
    <test name="Surefire test" duration-ms="79" started-at="2018-12-29T15:12:24Z" finished-at="2018-12-29T15:12:24Z">
      <class name="com.prototype.framework.seleniumtest.LoginTest">
        <test-method status="FAIL" signature="Login()" name="Login" duration-ms="35" started-at="2018-12-29T15:12:24Z" finished-at="2018-12-29T15:12:24Z">
          <exception class="org.openqa.selenium.NoSuchWindowException">
            <message>
              <![CDATA[Window not found. The browser window may have been closed.
Command duration or timeout: 0 milliseconds]]>
            </message>
            <full-stacktrace>
              <![CDATA[org.openqa.selenium.NoSuchWindowException: Window not found. The browser window may have been closed.
Command duration or timeout: 0 milliseconds
at sun.reflect.NativeConstructorAccessorImpl.newInstance0(Native Method)
at sun.reflect.NativeConstructorAccessorImpl.newInstance(NativeConstructorAccessorImpl.java:62)
at sun.reflect.DelegatingConstructorAccessorImpl.newInstance(DelegatingConstructorAccessorImpl.java:45)
at java.lang.reflect.Constructor.newInstance(Constructor.java:423)
at org.openqa.selenium.remote.ErrorHandler.createThrowable(ErrorHandler.java:214)
at org.openqa.selenium.remote.ErrorHandler.throwIfResponseFailed(ErrorHandler.java:166)
at org.openqa.selenium.remote.http.JsonHttpResponseCodec.reconstructValue(JsonHttpResponseCodec.java:40)
at org.openqa.selenium.remote.http.AbstractHttpResponseCodec.decode(AbstractHttpResponseCodec.java:80)
at org.openqa.selenium.remote.http.AbstractHttpResponseCodec.decode(AbstractHttpResponseCodec.java:44)
at org.openqa.selenium.remote.HttpCommandExecutor.execute(HttpCommandExecutor.java:158)
at org.openqa.selenium.remote.service.DriverCommandExecutor.execute(DriverCommandExecutor.java:83)
at org.openqa.selenium.remote.RemoteWebDriver.execute(RemoteWebDriver.java:548)
at org.openqa.selenium.remote.RemoteWebDriver.findElement(RemoteWebDriver.java:322)
at org.openqa.selenium.remote.RemoteWebDriver.findElementByLinkText(RemoteWebDriver.java:376)
at org.openqa.selenium.By$ByLinkText.findElement(By.java:220)
at org.openqa.selenium.remote.RemoteWebDriver.findElement(RemoteWebDriver.java:314)
at org.openqa.selenium.support.pagefactory.DefaultElementLocator.findElement(DefaultElementLocator.java:69)
at org.openqa.selenium.support.pagefactory.internal.LocatingElementHandler.invoke(LocatingElementHandler.java:38)
at com.sun.proxy.$Proxy20.click(Unknown Source)
at com.prototype.framework.pages.HomePage.ClickLogin(HomePage.java:24)
at com.prototype.framework.seleniumtest.LoginTest.Login(LoginTest.java:19)
at sun.reflect.NativeMethodAccessorImpl.invoke0(Native Method)
at sun.reflect.NativeMethodAccessorImpl.invoke(NativeMethodAccessorImpl.java:62)
at sun.reflect.DelegatingMethodAccessorImpl.invoke(DelegatingMethodAccessorImpl.java:43)
at java.lang.reflect.Method.invoke(Method.java:498)
at org.junit.runners.model.FrameworkMethod$1.runReflectiveCall(FrameworkMethod.java:50)
at org.junit.internal.runners.model.ReflectiveCallable.run(ReflectiveCallable.java:12)
at org.junit.runners.model.FrameworkMethod.invokeExplosively(FrameworkMethod.java:47)
at org.junit.internal.runners.statements.InvokeMethod.evaluate(InvokeMethod.java:17)
at org.junit.runners.ParentRunner.runLeaf(ParentRunner.java:325)
at org.junit.runners.BlockJUnit4ClassRunner.runChild(BlockJUnit4ClassRunner.java:78)
at org.junit.runners.BlockJUnit4ClassRunner.runChild(BlockJUnit4ClassRunner.java:57)
at org.junit.runners.ParentRunner$3.run(ParentRunner.java:290)
at org.junit.runners.ParentRunner$1.schedule(ParentRunner.java:71)
at org.junit.runners.ParentRunner.runChildren(ParentRunner.java:288)
at org.junit.runners.ParentRunner.access$000(ParentRunner.java:58)
at org.junit.runners.ParentRunner$2.evaluate(ParentRunner.java:268)
at org.junit.runners.ParentRunner.run(ParentRunner.java:363)
at org.junit.runner.JUnitCore.run(JUnitCore.java:137)
at org.junit.runner.JUnitCore.run(JUnitCore.java:115)
at org.testng.junit.JUnit4TestRunner.start(JUnit4TestRunner.java:82)
at org.testng.junit.JUnit4TestRunner.run(JUnit4TestRunner.java:70)
at org.testng.TestRunner$1.run(TestRunner.java:570)
at org.testng.TestRunner.runJUnitWorkers(TestRunner.java:717)
at org.testng.TestRunner.privateRunJUnit(TestRunner.java:601)
at org.testng.TestRunner.run(TestRunner.java:502)
at org.testng.SuiteRunner.runTest(SuiteRunner.java:455)
at org.testng.SuiteRunner.runSequentially(SuiteRunner.java:450)
at org.testng.SuiteRunner.privateRun(SuiteRunner.java:415)
at org.testng.SuiteRunner.run(SuiteRunner.java:364)
at org.testng.SuiteRunnerWorker.runSuite(SuiteRunnerWorker.java:52)
at org.testng.SuiteRunnerWorker.run(SuiteRunnerWorker.java:84)
at org.testng.TestNG.runSuitesSequentially(TestNG.java:1208)
at org.testng.TestNG.runSuitesLocally(TestNG.java:1137)
at org.testng.TestNG.runSuites(TestNG.java:1049)
at org.testng.TestNG.run(TestNG.java:1017)
at org.apache.maven.surefire.testng.TestNGExecutor.run(TestNGExecutor.java:132)
at org.apache.maven.surefire.testng.TestNGDirectoryTestSuite.executeMulti(TestNGDirectoryTestSuite.java:198)
at org.apache.maven.surefire.testng.TestNGDirectoryTestSuite.execute(TestNGDirectoryTestSuite.java:94)
at org.apache.maven.surefire.testng.TestNGProvider.invoke(TestNGProvider.java:147)
at org.apache.maven.surefire.booter.ForkedBooter.invokeProviderInSameClassLoader(ForkedBooter.java:290)
at org.apache.maven.surefire.booter.ForkedBooter.runSuitesInProcess(ForkedBooter.java:242)
at org.apache.maven.surefire.booter.ForkedBooter.main(ForkedBooter.java:121)
Caused by: org.openqa.selenium.NoSuchWindowException: Window not found. The browser window may have been closed.
Build info: version: '3.14.0', revision: 'aacccce0', time: '2018-08-02T20:19:58.91Z'
System info: host: 'Fuads-MacBook-Pro.local', ip: '172.17.7.77', os.name: 'Mac OS X', os.arch: 'x86_64', os.version: '10.14', java.version: '1.8.0_131'
Driver info: driver.version: unknown
at <anonymous class>.nsCommandProcessor.prototype.execute(file:///var/folders/rm/9pvkd7px6dd2xlr9jq_g57_c0000gn/T/anonymous4925056642066834775webdriver-profile/extensions/fxdriver@googlecode.com/components/command-processor.js:13444)
at <anonymous class>.Dispatcher.executeAs/<(file:///var/folders/rm/9pvkd7px6dd2xlr9jq_g57_c0000gn/T/anonymous4925056642066834775webdriver-profile/extensions/fxdriver@googlecode.com/components/driver-component.js:11199)
at <anonymous class>.Resource.prototype.handle(file:///var/folders/rm/9pvkd7px6dd2xlr9jq_g57_c0000gn/T/anonymous4925056642066834775webdriver-profile/extensions/fxdriver@googlecode.com/components/driver-component.js:11348)
at <anonymous class>.Dispatcher.prototype.dispatch(file:///var/folders/rm/9pvkd7px6dd2xlr9jq_g57_c0000gn/T/anonymous4925056642066834775webdriver-profile/extensions/fxdriver@googlecode.com/components/driver-component.js:11295)
at <anonymous class>.WebDriverServer/<.handle(file:///var/folders/rm/9pvkd7px6dd2xlr9jq_g57_c0000gn/T/anonymous4925056642066834775webdriver-profile/extensions/fxdriver@googlecode.com/components/driver-component.js:13233)
at <anonymous class>.createHandlerFunc/<(file:///var/folders/rm/9pvkd7px6dd2xlr9jq_g57_c0000gn/T/anonymous4925056642066834775webdriver-profile/extensions/fxdriver@googlecode.com/components/httpd.js:2054)
at <anonymous class>.ServerHandler.prototype.handleResponse(file:///var/folders/rm/9pvkd7px6dd2xlr9jq_g57_c0000gn/T/anonymous4925056642066834775webdriver-profile/extensions/fxdriver@googlecode.com/components/httpd.js:2387)
at <anonymous class>.Connection.prototype.process(file:///var/folders/rm/9pvkd7px6dd2xlr9jq_g57_c0000gn/T/anonymous4925056642066834775webdriver-profile/extensions/fxdriver@googlecode.com/components/httpd.js:1223)
at <anonymous class>.RequestReader.prototype._handleResponse(file:///var/folders/rm/9pvkd7px6dd2xlr9jq_g57_c0000gn/T/anonymous4925056642066834775webdriver-profile/extensions/fxdriver@googlecode.com/components/httpd.js:1677)
at <anonymous class>.RequestReader.prototype._processBody(file:///var/folders/rm/9pvkd7px6dd2xlr9jq_g57_c0000gn/T/anonymous4925056642066834775webdriver-profile/extensions/fxdriver@googlecode.com/components/httpd.js:1525)
at <anonymous class>.RequestReader.prototype.onInputStreamReady(file:///var/folders/rm/9pvkd7px6dd2xlr9jq_g57_c0000gn/T/anonymous4925056642066834775webdriver-profile/extensions/fxdriver@googlecode.com/components/httpd.js:1393)
]]>
            </full-stacktrace>
          </exception> <!-- org.openqa.selenium.NoSuchWindowException -->
          <reporter-output>
          </reporter-output>
        </test-method> <!-- Login -->
      </class> <!-- com.prototype.framework.seleniumtest.LoginTest -->
    </test> <!-- Surefire test -->
  </suite> <!-- Surefire suite -->
</testng-results>
