<?xml version="1.0" encoding="UTF-8"?>
<!-- Generated by org.testng.reporters.JUnitXMLReporter -->
<testsuite hostname="Fuads-MacBook-Pro.local" ignored="0" name="Surefire test" tests="1" failures="1" timestamp="29 Dec 2018 15:12:24 GMT" time="0.079" errors="0">
  <testcase name="Login on Login(com.prototype.framework.seleniumtest.LoginTest)" time="0.035" classname="com.prototype.framework.seleniumtest.LoginTest">
    <failure type="org.openqa.selenium.NoSuchWindowException" message="Window not found. The browser window may have been closed.
Command duration or timeout: 0 milliseconds">
      <![CDATA[org.openqa.selenium.NoSuchWindowException: Window not found. The browser window may have been closed.
Command duration or timeout: 0 milliseconds
at org.openqa.selenium.remote.ErrorHandler.createThrowable(ErrorHandler.java:214)
at org.openqa.selenium.remote.ErrorHandler.throwIfResponseFailed(ErrorHandler.java:166)
at org.openqa.selenium.remote.http.JsonHttpResponseCodec.reconstructValue(JsonHttpResponseCodec.java:40)
at org.openqa.selenium.remote.http.AbstractHttpResponseCodec.decode(AbstractHttpResponseCodec.java:80)
at org.openqa.selenium.remote.http.AbstractHttpResponseCodec.decode(AbstractHttpResponseCodec.java:44)
at org.openqa.selenium.remote.HttpCommandExecutor.execute(HttpCommandExecutor.java:158)
at org.openqa.selenium.remote.service.DriverCommandExecutor.execute(DriverCommandExecutor.java:83)
at org.openqa.selenium.remote.RemoteWebDriver.execute(RemoteWebDriver.java:548)
at org.openqa.selenium.remote.RemoteWebDriver.findElement(RemoteWebDriver.java:322)
at org.openqa.selenium.remote.RemoteWebDriver.findElementByLinkText(RemoteWebDriver.java:376)
at org.openqa.selenium.By$ByLinkText.findElement(By.java:220)
at org.openqa.selenium.remote.RemoteWebDriver.findElement(RemoteWebDriver.java:314)
at org.openqa.selenium.support.pagefactory.DefaultElementLocator.findElement(DefaultElementLocator.java:69)
at org.openqa.selenium.support.pagefactory.internal.LocatingElementHandler.invoke(LocatingElementHandler.java:38)
at com.sun.proxy.$Proxy20.click(Unknown Source)
at com.prototype.framework.pages.HomePage.ClickLogin(HomePage.java:24)
at com.prototype.framework.seleniumtest.LoginTest.Login(LoginTest.java:19)
at org.junit.runners.model.FrameworkMethod$1.runReflectiveCall(FrameworkMethod.java:50)
at org.junit.internal.runners.model.ReflectiveCallable.run(ReflectiveCallable.java:12)
at org.junit.runners.model.FrameworkMethod.invokeExplosively(FrameworkMethod.java:47)
at org.junit.internal.runners.statements.InvokeMethod.evaluate(InvokeMethod.java:17)
at org.junit.runners.ParentRunner.runLeaf(ParentRunner.java:325)
at org.junit.runners.BlockJUnit4ClassRunner.runChild(BlockJUnit4ClassRunner.java:78)
at org.junit.runners.BlockJUnit4ClassRunner.runChild(BlockJUnit4ClassRunner.java:57)
at org.junit.runners.ParentRunner$3.run(ParentRunner.java:290)
at org.junit.runners.ParentRunner$1.schedule(ParentRunner.java:71)
at org.junit.runners.ParentRunner.runChildren(ParentRunner.java:288)
at org.junit.runners.ParentRunner.access$000(ParentRunner.java:58)
at org.junit.runners.ParentRunner$2.evaluate(ParentRunner.java:268)
at org.junit.runners.ParentRunner.run(ParentRunner.java:363)
at org.junit.runner.JUnitCore.run(JUnitCore.java:137)
at org.junit.runner.JUnitCore.run(JUnitCore.java:115)
Caused by: org.openqa.selenium.NoSuchWindowException: Window not found. The browser window may have been closed.
Build info: version: '3.14.0', revision: 'aacccce0', time: '2018-08-02T20:19:58.91Z'
System info: host: 'Fuads-MacBook-Pro.local', ip: '172.17.7.77', os.name: 'Mac OS X', os.arch: 'x86_64', os.version: '10.14', java.version: '1.8.0_131'
Driver info: driver.version: unknown
at <anonymous class>.nsCommandProcessor.prototype.execute(file:///var/folders/rm/9pvkd7px6dd2xlr9jq_g57_c0000gn/T/anonymous4925056642066834775webdriver-profile/extensions/fxdriver@googlecode.com/components/command-processor.js:13444)
at <anonymous class>.Dispatcher.executeAs/<(file:///var/folders/rm/9pvkd7px6dd2xlr9jq_g57_c0000gn/T/anonymous4925056642066834775webdriver-profile/extensions/fxdriver@googlecode.com/components/driver-component.js:11199)
at <anonymous class>.Resource.prototype.handle(file:///var/folders/rm/9pvkd7px6dd2xlr9jq_g57_c0000gn/T/anonymous4925056642066834775webdriver-profile/extensions/fxdriver@googlecode.com/components/driver-component.js:11348)
at <anonymous class>.Dispatcher.prototype.dispatch(file:///var/folders/rm/9pvkd7px6dd2xlr9jq_g57_c0000gn/T/anonymous4925056642066834775webdriver-profile/extensions/fxdriver@googlecode.com/components/driver-component.js:11295)
at <anonymous class>.WebDriverServer/<.handle(file:///var/folders/rm/9pvkd7px6dd2xlr9jq_g57_c0000gn/T/anonymous4925056642066834775webdriver-profile/extensions/fxdriver@googlecode.com/components/driver-component.js:13233)
at <anonymous class>.createHandlerFunc/<(file:///var/folders/rm/9pvkd7px6dd2xlr9jq_g57_c0000gn/T/anonymous4925056642066834775webdriver-profile/extensions/fxdriver@googlecode.com/components/httpd.js:2054)
at <anonymous class>.ServerHandler.prototype.handleResponse(file:///var/folders/rm/9pvkd7px6dd2xlr9jq_g57_c0000gn/T/anonymous4925056642066834775webdriver-profile/extensions/fxdriver@googlecode.com/components/httpd.js:2387)
at <anonymous class>.Connection.prototype.process(file:///var/folders/rm/9pvkd7px6dd2xlr9jq_g57_c0000gn/T/anonymous4925056642066834775webdriver-profile/extensions/fxdriver@googlecode.com/components/httpd.js:1223)
at <anonymous class>.RequestReader.prototype._handleResponse(file:///var/folders/rm/9pvkd7px6dd2xlr9jq_g57_c0000gn/T/anonymous4925056642066834775webdriver-profile/extensions/fxdriver@googlecode.com/components/httpd.js:1677)
at <anonymous class>.RequestReader.prototype._processBody(file:///var/folders/rm/9pvkd7px6dd2xlr9jq_g57_c0000gn/T/anonymous4925056642066834775webdriver-profile/extensions/fxdriver@googlecode.com/components/httpd.js:1525)
at <anonymous class>.RequestReader.prototype.onInputStreamReady(file:///var/folders/rm/9pvkd7px6dd2xlr9jq_g57_c0000gn/T/anonymous4925056642066834775webdriver-profile/extensions/fxdriver@googlecode.com/components/httpd.js:1393)
... Removed 31 stack frames]]>
    </failure>
  </testcase> <!-- Login on Login(com.prototype.framework.seleniumtest.LoginTest) -->
</testsuite> <!-- Surefire test -->
